\BOOKMARK [1][-]{section.1}{\376\377\137\025\212\000}{}% 1
\BOOKMARK [2][-]{subsection.1.1}{\376\377\200\314\146\157\116\313\176\315}{section.1}% 2
\BOOKMARK [3][-]{subsubsection.1.1.1}{\376\377\167\351\226\065\164\006\213\272\116\016\145\271\154\325\116\313\176\315}{subsection.1.1}% 3
\BOOKMARK [3][-]{subsubsection.1.1.2}{\376\377\121\375\145\160\167\351\226\065\124\214\167\351\226\065\121\375\145\160\116\313\176\315}{subsection.1.1}% 4
\BOOKMARK [3][-]{subsubsection.1.1.3}{\376\377\176\277\140\047\116\343\145\160\145\271\172\013\176\304\154\102\211\343}{subsection.1.1}% 5
\BOOKMARK [2][-]{subsection.1.2}{\376\377\225\356\230\230\116\313\176\315}{section.1}% 6
\BOOKMARK [3][-]{subsubsection.1.2.1}{\376\377\167\351\226\065\121\375\145\160\166\204\154\102\154\325\225\356\230\230\116\313\176\315}{subsection.1.2}% 7
\BOOKMARK [3][-]{subsubsection.1.2.2}{\376\377\167\351\226\065\122\006\211\343\166\204\145\271\154\325\225\356\230\230\116\313\176\315}{subsection.1.2}% 8
\BOOKMARK [2][-]{subsection.1.3}{\376\377\116\012\217\360\225\356\230\230\126\375\121\205\131\026\170\024\172\166\142\020\147\234\116\313\176\315}{section.1}% 9
\BOOKMARK [3][-]{subsubsection.1.3.1}{\376\377\167\351\226\065\121\375\145\160\166\204\154\102\154\325\170\024\172\166\163\260\162\266}{subsection.1.3}% 10
\BOOKMARK [3][-]{subsubsection.1.3.2}{\376\377\167\351\226\065\122\006\211\343\145\271\154\325\170\024\172\166\163\260\162\266}{subsection.1.3}% 11
\BOOKMARK [2][-]{subsection.1.4}{\376\377\147\054\213\272\145\207\135\345\117\134\173\200\116\313}{section.1}% 12
\BOOKMARK [3][-]{subsubsection.1.4.1}{\376\377\147\054\213\272\145\207\133\371\116\012\217\360\225\356\230\230\166\204\170\024\172\166\173\200\217\360}{subsection.1.4}% 13
\BOOKMARK [3][-]{subsubsection.1.4.2}{\376\377\147\054\213\272\145\207\122\033\145\260\160\271\142\026\162\171\160\271\173\200\217\360}{subsection.1.4}% 14
\BOOKMARK [3][-]{subsubsection.1.4.3}{\376\377\147\054\213\272\145\207\144\260\121\231\176\323\147\204\173\200\217\360}{subsection.1.4}% 15
\BOOKMARK [1][-]{section.2}{\376\377\230\204\131\007\167\345\213\306}{}% 16
\BOOKMARK [2][-]{subsection.2.1}{\376\377\153\047\154\017\172\172\225\364\116\016\176\277\140\047\123\330\143\142}{section.2}% 17
\BOOKMARK [3][-]{subsubsection.2.1.1}{\376\377\153\047\154\017\172\172\225\364\116\016\176\277\140\047\123\330\143\142\116\313\176\315}{subsection.2.1}% 18
\BOOKMARK [3][-]{subsubsection.2.1.2}{\376\377\202\345\134\024\137\123\150\007\121\306\137\142\166\204\154\102\211\343}{subsection.2.1}% 19
\BOOKMARK [3][-]{subsubsection.2.1.3}{\376\377\153\047\154\017\172\172\225\364\116\055\176\277\140\047\123\330\143\142\166\204\154\102\154\325}{subsection.2.1}% 20
\BOOKMARK [2][-]{subsection.2.2}{\376\377\124\021\221\317\203\003\145\160\116\016\167\351\226\065\203\003\145\160}{section.2}% 21
\BOOKMARK [3][-]{subsubsection.2.2.1}{\376\377\124\021\221\317\203\003\145\160\116\313\176\315}{subsection.2.2}% 22
\BOOKMARK [3][-]{subsubsection.2.2.2}{\376\377\167\351\226\065\203\003\145\160\116\313\176\315}{subsection.2.2}% 23
\BOOKMARK [3][-]{subsubsection.2.2.3}{\376\377\167\351\226\065\123\357\220\006\140\047\147\141\116\366\060\001\147\141\116\366\145\160\124\214\214\061\123\112\137\204\116\313\176\315}{subsection.2.2}% 24
\BOOKMARK [2][-]{subsection.2.3}{\376\377\167\351\226\065\121\375\145\160\116\313\176\315}{section.2}% 25
\BOOKMARK [3][-]{subsubsection.2.3.1}{\376\377\167\351\226\065\136\217\122\027\116\313\176\315}{subsection.2.3}% 26
\BOOKMARK [3][-]{subsubsection.2.3.2}{\376\377\167\351\226\065\176\247\145\160\116\313\176\315}{subsection.2.3}% 27
\BOOKMARK [3][-]{subsubsection.2.3.3}{\376\377\167\351\226\065\121\375\145\160\116\313\176\315}{subsection.2.3}% 28
\BOOKMARK [3][-]{subsubsection.2.3.4}{\376\377\121\375\145\160\167\351\226\065\133\371\167\351\226\065\166\204\133\374\145\160}{subsection.2.3}% 29
\BOOKMARK [1][-]{section.3}{\376\377\167\351\226\065\121\375\145\160\166\204\154\102\154\325\170\024\172\166}{}% 30
\BOOKMARK [2][-]{subsection.3.1}{\376\377\137\205\133\232\174\373\145\160\154\325}{section.3}% 31
\BOOKMARK [3][-]{subsubsection.3.1.1}{\376\377\137\205\133\232\174\373\145\160\154\325\154\102\167\351\226\065\121\375\145\160\166\204\153\145\232\244\143\250\133\374}{subsection.3.1}% 32
\BOOKMARK [3][-]{subsubsection.3.1.2}{\376\377\116\076\117\213\134\125\171\072\154\102\154\325}{subsection.3.1}% 33
\BOOKMARK [2][-]{subsection.3.2}{\376\377\145\160\230\171\176\247\145\160\154\102\124\214\154\325}{section.3}% 34
\BOOKMARK [3][-]{subsubsection.3.2.1}{\376\377\145\160\230\171\176\247\145\160\154\102\124\214\154\325\154\102\167\351\226\065\121\375\145\160\166\204\153\145\232\244\143\250\133\374}{subsection.3.2}% 35
\BOOKMARK [3][-]{subsubsection.3.2.2}{\376\377\116\076\117\213\134\125\171\072\154\102\154\325}{subsection.3.2}% 36
\BOOKMARK [2][-]{subsection.3.3}{\376\377\133\371\211\322\127\213\154\325}{section.3}% 37
\BOOKMARK [3][-]{subsubsection.3.3.1}{\376\377\133\371\211\322\127\213\154\325\154\102\167\351\226\065\121\375\145\160\166\204\153\145\232\244\143\250\133\374}{subsection.3.3}% 38
\BOOKMARK [3][-]{subsubsection.3.3.2}{\376\377\116\076\117\213\134\125\171\072\154\102\154\325}{subsection.3.3}% 39
\BOOKMARK [2][-]{subsection.3.4}{\376\377\202\345\134\024\137\123\150\007\121\306\127\213\154\325}{section.3}% 40
\BOOKMARK [3][-]{subsubsection.3.4.1}{\376\377\202\345\134\024\137\123\150\007\121\306\127\213\154\325\154\102\167\351\226\065\121\375\145\160\166\204\153\145\232\244\143\250\133\374}{subsection.3.4}% 41
\BOOKMARK [3][-]{subsubsection.3.4.2}{\376\377\116\076\117\213\134\125\171\072\154\102\154\325}{subsection.3.4}% 42
\BOOKMARK [1][-]{section.4}{\376\377\167\351\226\065\122\006\211\343\145\271\154\325\170\024\172\166}{}% 43
\BOOKMARK [2][-]{subsection.4.1}{\376\377\167\351\226\065\166\204\000\040\000L\000U\000\040\122\006\211\343}{section.4}% 44
\BOOKMARK [3][-]{subsubsection.4.1.1}{\376\377\167\351\226\065\000\040\000L\000U\000\040\122\006\211\343\166\204\153\145\232\244\143\250\133\374}{subsection.4.1}% 45
\BOOKMARK [3][-]{subsubsection.4.1.2}{\376\377\116\076\117\213\134\125\171\072\154\102\154\325}{subsection.4.1}% 46
\BOOKMARK [2][-]{subsection.4.2}{\376\377\167\351\226\065\166\204\000\040\000Q\000R\000\040\122\006\211\343}{section.4}% 47
\BOOKMARK [3][-]{subsubsection.4.2.1}{\376\377\167\351\226\065\000\040\000Q\000R\000\040\122\006\211\343\166\204\153\145\232\244\143\250\133\374}{subsection.4.2}% 48
\BOOKMARK [3][-]{subsubsection.4.2.2}{\376\377\116\076\117\213\134\125\171\072\154\102\154\325}{subsection.4.2}% 49
\BOOKMARK [2][-]{subsection.4.3}{\376\377\167\351\226\065\166\204\156\341\171\351\122\006\211\343}{section.4}% 50
\BOOKMARK [3][-]{subsubsection.4.3.1}{\376\377\167\351\226\065\156\341\171\351\122\006\211\343\166\204\153\145\232\244\143\250\133\374}{subsection.4.3}% 51
\BOOKMARK [3][-]{subsubsection.4.3.2}{\376\377\116\076\117\213\134\125\171\072\154\102\154\325}{subsection.4.3}% 52
\BOOKMARK [2][-]{subsection.4.4}{\376\377\167\351\226\065\166\204\131\107\137\002\120\074\122\006\211\343}{section.4}% 53
\BOOKMARK [3][-]{subsubsection.4.4.1}{\376\377\167\351\226\065\131\107\137\002\120\074\122\006\211\343\166\204\153\145\232\244\143\250\133\374}{subsection.4.4}% 54
\BOOKMARK [3][-]{subsubsection.4.4.2}{\376\377\116\076\117\213\134\125\171\072\154\102\154\325}{subsection.4.4}% 55
\BOOKMARK [2][-]{subsection.4.5}{\376\377\122\051\165\050\167\351\226\065\122\006\211\343\154\102\167\351\226\065\136\177\116\111\220\006}{section.4}% 56
\BOOKMARK [3][-]{subsubsection.4.5.1}{\376\377\167\351\226\065\136\177\116\111\220\006\116\313\176\315}{subsection.4.5}% 57
\BOOKMARK [3][-]{subsubsection.4.5.2}{\376\377\122\051\165\050\167\351\226\065\156\341\171\351\122\006\211\343\154\102\167\351\226\065\136\177\116\111\220\006}{subsection.4.5}% 58
\BOOKMARK [3][-]{subsubsection.4.5.3}{\376\377\122\051\165\050\167\351\226\065\131\107\137\002\120\074\122\006\211\343\154\102\167\351\226\065\136\177\116\111\220\006}{subsection.4.5}% 59
\BOOKMARK [3][-]{subsubsection.4.5.4}{\376\377\116\076\117\213\134\125\171\072\154\102\154\325}{subsection.4.5}% 60
