\BOOKMARK [1][-]{section.1}{\376\377\0002\0000\0002\0000\0001\0002\000-\0004\000\040\230\337\147\120\217\320\217\223}{}% 1
\BOOKMARK [2][-]{subsection.1.1}{\376\377\230\230\166\356}{section.1}% 2
\BOOKMARK [3][-]{subsubsection.1.1.1}{\376\377\230\230\166\356\200\314\146\157}{subsection.1.1}% 3
\BOOKMARK [3][-]{subsubsection.1.1.2}{\376\377\225\356\230\230\143\317\217\360}{subsection.1.1}% 4
\BOOKMARK [3][-]{subsubsection.1.1.3}{\376\377\133\120\116\373\122\241}{subsection.1.1}% 5
\BOOKMARK [2][-]{subsection.1.2}{\376\377\230\230\211\343}{section.1}% 6
\BOOKMARK [3][-]{subsubsection.1.2.1}{\376\377\211\343\154\325\116\000\000\040\000\050\0006\0005\122\006\000\051}{subsection.1.2}% 7
\BOOKMARK [3][-]{subsubsection.1.2.2}{\376\377\000C\000+\000+\000\040\116\343\170\001\133\236\163\260}{subsection.1.2}% 8
\BOOKMARK [3][-]{subsubsection.1.2.3}{\376\377\211\343\154\325\116\214\000\040\000\050\0001\0000\0000\122\006\000\051}{subsection.1.2}% 9
\BOOKMARK [3][-]{subsubsection.1.2.4}{\376\377\000C\000+\000+\000\040\116\343\170\001\133\236\163\260}{subsection.1.2}% 10
\BOOKMARK [1][-]{section.2}{\376\377\0002\0000\0002\0003\0000\0003\000-\0004\000\040\146\037\226\105\177\121\176\334\000I\000I}{}% 11
\BOOKMARK [2][-]{subsection.2.1}{\376\377\230\230\166\356}{section.2}% 12
\BOOKMARK [3][-]{subsubsection.2.1.1}{\376\377\225\356\230\230\143\317\217\360}{subsection.2.1}% 13
\BOOKMARK [3][-]{subsubsection.2.1.2}{\376\377\133\120\116\373\122\241}{subsection.2.1}% 14
\BOOKMARK [2][-]{subsection.2.2}{\376\377\230\230\211\343}{section.2}% 15
\BOOKMARK [3][-]{subsubsection.2.2.1}{\376\377\211\343\154\325\116\000\000\040\000\050\0001\0000\0000\122\006\000\051}{subsection.2.2}% 16
\BOOKMARK [3][-]{subsubsection.2.2.2}{\376\377\000C\000+\000+\000\040\116\343\170\001\133\236\163\260}{subsection.2.2}% 17
\BOOKMARK [1][-]{section.3}{\376\377\000C\000o\000d\000e\000f\000o\000r\000c\000e\000s\000\040\0001\0007\0008\0006\000F\000\040\000W\000o\000o\000d\000e\000n\000\040\000S\000p\000o\000o\000n}{}% 18
\BOOKMARK [2][-]{subsection.3.1}{\376\377\230\230\166\356}{section.3}% 19
\BOOKMARK [3][-]{subsubsection.3.1.1}{\376\377\225\356\230\230\143\317\217\360}{subsection.3.1}% 20
\BOOKMARK [3][-]{subsubsection.3.1.2}{\376\377\133\120\116\373\122\241}{subsection.3.1}% 21
\BOOKMARK [2][-]{subsection.3.2}{\376\377\230\230\211\343}{section.3}% 22
\BOOKMARK [3][-]{subsubsection.3.2.1}{\376\377\211\343\154\325\116\000}{subsection.3.2}% 23
\BOOKMARK [3][-]{subsubsection.3.2.2}{\376\377\000C\000+\000+\000\040\116\343\170\001\133\236\163\260}{subsection.3.2}% 24
