\BOOKMARK [1][-]{section.1}{\376\377\000H\000D\000U\000-\0002\0006\0000\0002\000\040\000B\000o\000n\000e\000\040\000C\000o\000l\000l\000e\000c\000t\000o\000r}{}% 1
\BOOKMARK [2][-]{subsection.1.1}{\376\377\230\230\166\356}{section.1}% 2
\BOOKMARK [3][-]{subsubsection.1.1.1}{\376\377\225\356\230\230\143\317\217\360}{subsection.1.1}% 3
\BOOKMARK [3][-]{subsubsection.1.1.2}{\376\377\133\120\116\373\122\241}{subsection.1.1}% 4
\BOOKMARK [2][-]{subsection.1.2}{\376\377\230\230\211\343}{section.1}% 5
\BOOKMARK [3][-]{subsubsection.1.2.1}{\376\377\211\343\154\325\116\000\000\040\000\050\0001\0000\0000\122\006\000\051}{subsection.1.2}% 6
\BOOKMARK [3][-]{subsubsection.1.2.2}{\376\377\000C\000+\000+\000\040\116\343\170\001\133\236\163\260}{subsection.1.2}% 7
\BOOKMARK [1][-]{section.2}{\376\377\000H\000D\000U\000-\0001\0007\0001\0002\000\040\000A\000C\000b\000o\000y\000\040\000n\000e\000e\000d\000s\000\040\000y\000o\000u\000r\000\040\000h\000e\000l\000p}{}% 8
\BOOKMARK [2][-]{subsection.2.1}{\376\377\230\230\166\356}{section.2}% 9
\BOOKMARK [3][-]{subsubsection.2.1.1}{\376\377\225\356\230\230\143\317\217\360}{subsection.2.1}% 10
\BOOKMARK [3][-]{subsubsection.2.1.2}{\376\377\133\120\116\373\122\241}{subsection.2.1}% 11
\BOOKMARK [2][-]{subsection.2.2}{\376\377\230\230\211\343}{section.2}% 12
\BOOKMARK [3][-]{subsubsection.2.2.1}{\376\377\211\343\154\325\116\000\000\040\000\050\0001\0000\0000\122\006\000\051}{subsection.2.2}% 13
\BOOKMARK [3][-]{subsubsection.2.2.2}{\376\377\000C\000+\000+\000\040\116\343\170\001\133\236\163\260}{subsection.2.2}% 14
\BOOKMARK [1][-]{section.3}{\376\377\155\033\214\067\000-\000P\0004\0001\0002\0004\000\040\142\113\147\072\123\367\170\001}{}% 15
\BOOKMARK [2][-]{subsection.3.1}{\376\377\230\230\166\356}{section.3}% 16
\BOOKMARK [3][-]{subsubsection.3.1.1}{\376\377\225\356\230\230\143\317\217\360}{subsection.3.1}% 17
\BOOKMARK [3][-]{subsubsection.3.1.2}{\376\377\133\120\116\373\122\241}{subsection.3.1}% 18
\BOOKMARK [2][-]{subsection.3.2}{\376\377\230\230\211\343}{section.3}% 19
\BOOKMARK [3][-]{subsubsection.3.2.1}{\376\377\211\343\154\325\116\000\000\040\000\050\0001\0000\0000\122\006\000\051}{subsection.3.2}% 20
\BOOKMARK [3][-]{subsubsection.3.2.2}{\376\377\000C\000+\000+\000\040\116\343\170\001\133\236\163\260}{subsection.3.2}% 21
\BOOKMARK [1][-]{section.4}{\376\377\155\033\214\067\000-\000P\0001\0003\0005\0002\000\040\154\241\147\011\116\012\123\370\166\204\202\036\117\032}{}% 22
\BOOKMARK [2][-]{subsection.4.1}{\376\377\230\230\166\356}{section.4}% 23
\BOOKMARK [3][-]{subsubsection.4.1.1}{\376\377\225\356\230\230\143\317\217\360}{subsection.4.1}% 24
\BOOKMARK [3][-]{subsubsection.4.1.2}{\376\377\133\120\116\373\122\241}{subsection.4.1}% 25
\BOOKMARK [2][-]{subsection.4.2}{\376\377\230\230\211\343}{section.4}% 26
\BOOKMARK [3][-]{subsubsection.4.2.1}{\376\377\211\343\154\325\116\000\000\040\000\050\0001\0000\0000\122\006\000\051}{subsection.4.2}% 27
\BOOKMARK [3][-]{subsubsection.4.2.2}{\376\377\000C\000+\000+\000\040\116\343\170\001\133\236\163\260}{subsection.4.2}% 28
