\BOOKMARK [1][-]{section.1}{\376\377\0002\0000\0002\0001\0000\0009\000-\0001\000\040\145\160\176\304\143\250\133\374}{}% 1
\BOOKMARK [2][-]{subsection.1.1}{\376\377\230\230\166\356}{section.1}% 2
\BOOKMARK [3][-]{subsubsection.1.1.1}{\376\377\230\230\166\356\143\317\217\360}{subsection.1.1}% 3
\BOOKMARK [3][-]{subsubsection.1.1.2}{\376\377\133\120\116\373\122\241}{subsection.1.1}% 4
\BOOKMARK [2][-]{subsection.1.2}{\376\377\211\343\154\325\000\040\000A\377\010\0005\0000\000\040\122\006\377\011}{section.1}% 5
\BOOKMARK [3][-]{subsubsection.1.2.1}{\376\377\123\237\164\006\226\020\221\312}{subsection.1.2}% 6
\BOOKMARK [3][-]{subsubsection.1.2.2}{\376\377\000C\000+\000+\000\040\116\343\170\001\133\236\163\260}{subsection.1.2}% 7
\BOOKMARK [2][-]{subsection.1.3}{\376\377\211\343\154\325\000\040\000B\377\010\0001\0000\0000\000\040\122\006\377\011}{section.1}% 8
\BOOKMARK [3][-]{subsubsection.1.3.1}{\376\377\123\237\164\006\226\020\221\312}{subsection.1.3}% 9
\BOOKMARK [3][-]{subsubsection.1.3.2}{\376\377\000C\000+\000+\000\040\116\343\170\001\133\236\163\260}{subsection.1.3}% 10
\BOOKMARK [3][-]{subsubsection.1.3.3}{\376\377\143\320\116\244\176\323\147\234}{subsection.1.3}% 11
\BOOKMARK [1][-]{section.2}{\376\377\0002\0000\0002\0001\0000\0009\000-\0002\000\040\227\136\226\366\153\265\122\022\122\006}{}% 12
\BOOKMARK [2][-]{subsection.2.1}{\376\377\230\230\166\356}{section.2}% 13
\BOOKMARK [3][-]{subsubsection.2.1.1}{\376\377\230\230\166\356\143\317\217\360}{subsection.2.1}% 14
\BOOKMARK [3][-]{subsubsection.2.1.2}{\376\377\133\120\116\373\122\241}{subsection.2.1}% 15
\BOOKMARK [2][-]{subsection.2.2}{\376\377\211\343\154\325\000\040\000A\377\010\0007\0000\000\040\122\006\377\011}{section.2}% 16
\BOOKMARK [3][-]{subsubsection.2.2.1}{\376\377\123\237\164\006\226\020\221\312}{subsection.2.2}% 17
\BOOKMARK [3][-]{subsubsection.2.2.2}{\376\377\000C\000+\000+\000\040\116\343\170\001\133\236\163\260}{subsection.2.2}% 18
\BOOKMARK [2][-]{subsection.2.3}{\376\377\211\343\154\325\000\040\000B\377\010\0001\0000\0000\000\040\122\006\377\011}{section.2}% 19
\BOOKMARK [3][-]{subsubsection.2.3.1}{\376\377\123\237\164\006\226\020\221\312}{subsection.2.3}% 20
\BOOKMARK [3][-]{subsubsection.2.3.2}{\376\377\000C\000+\000+\000\040\116\343\170\001\133\236\163\260}{subsection.2.3}% 21
\BOOKMARK [3][-]{subsubsection.2.3.3}{\376\377\143\320\116\244\176\323\147\234}{subsection.2.3}% 22
\BOOKMARK [1][-]{section.3}{\376\377\0002\0000\0002\0001\0000\0009\000-\0003\000\040\201\011\121\262\171\136\176\317\177\121\176\334}{}% 23
\BOOKMARK [2][-]{subsection.3.1}{\376\377\230\230\166\356}{section.3}% 24
\BOOKMARK [3][-]{subsubsection.3.1.1}{\376\377\230\230\166\356\200\314\146\157}{subsection.3.1}% 25
\BOOKMARK [3][-]{subsubsection.3.1.2}{\376\377\230\230\166\356\143\317\217\360}{subsection.3.1}% 26
\BOOKMARK [3][-]{subsubsection.3.1.3}{\376\377\133\120\116\373\122\241}{subsection.3.1}% 27
\BOOKMARK [2][-]{subsection.3.2}{\376\377\211\343\154\325\000\040\000A\377\010\0003\0000\000\040\122\006\377\011}{section.3}% 28
\BOOKMARK [3][-]{subsubsection.3.2.1}{\376\377\123\237\164\006\226\020\221\312}{subsection.3.2}% 29
\BOOKMARK [2][-]{subsection.3.3}{\376\377\211\343\154\325\000\040\000B\377\010\0007\0000\000\040\122\006\377\011}{section.3}% 30
\BOOKMARK [3][-]{subsubsection.3.3.1}{\376\377\123\237\164\006\226\020\221\312}{subsection.3.3}% 31
\BOOKMARK [2][-]{subsection.3.4}{\376\377\211\343\154\325\000\040\000C\377\010\0001\0000\0000\000\040\122\006\377\011}{section.3}% 32
\BOOKMARK [3][-]{subsubsection.3.4.1}{\376\377\123\237\164\006\226\020\221\312}{subsection.3.4}% 33
\BOOKMARK [3][-]{subsubsection.3.4.2}{\376\377\000C\000+\000+\000\040\116\343\170\001\133\236\163\260}{subsection.3.4}% 34
\BOOKMARK [3][-]{subsubsection.3.4.3}{\376\377\143\320\116\244\176\323\147\234}{subsection.3.4}% 35
\BOOKMARK [1][-]{section.4}{\376\377\0002\0000\0002\0001\0000\0009\000-\0004\000\040\145\066\226\306\123\141\162\114}{}% 36
\BOOKMARK [2][-]{subsection.4.1}{\376\377\230\230\166\356}{section.4}% 37
\BOOKMARK [3][-]{subsubsection.4.1.1}{\376\377\230\230\166\356\143\317\217\360}{subsection.4.1}% 38
\BOOKMARK [3][-]{subsubsection.4.1.2}{\376\377\133\120\116\373\122\241}{subsection.4.1}% 39
\BOOKMARK [2][-]{subsection.4.2}{\376\377\211\343\154\325\000\040\000A\377\010\0002\0000\000\040\122\006\377\011}{section.4}% 40
\BOOKMARK [3][-]{subsubsection.4.2.1}{\376\377\123\237\164\006\226\020\221\312}{subsection.4.2}% 41
\BOOKMARK [2][-]{subsection.4.3}{\376\377\211\343\154\325\000\040\000B\377\010\0004\0000\000\040\122\006\377\011}{section.4}% 42
\BOOKMARK [3][-]{subsubsection.4.3.1}{\376\377\123\237\164\006\226\020\221\312}{subsection.4.3}% 43
\BOOKMARK [3][-]{subsubsection.4.3.2}{\376\377\000C\000+\000+\000\040\116\343\170\001\133\236\163\260}{subsection.4.3}% 44
\BOOKMARK [2][-]{subsection.4.4}{\376\377\211\343\154\325\000\040\000C\377\010\0001\0000\0000\000\040\122\006\377\011}{section.4}% 45
\BOOKMARK [3][-]{subsubsection.4.4.1}{\376\377\123\237\164\006\226\020\221\312}{subsection.4.4}% 46
\BOOKMARK [3][-]{subsubsection.4.4.2}{\376\377\000C\000+\000+\000\040\116\343\170\001\133\236\163\260}{subsection.4.4}% 47
\BOOKMARK [3][-]{subsubsection.4.4.3}{\376\377\143\320\116\244\176\323\147\234}{subsection.4.4}% 48
\BOOKMARK [1][-]{section.5}{\376\377\0002\0000\0002\0001\0000\0009\000-\0005\000\040\173\261\150\071\134\161\134\263\226\151\131\051\116\013}{}% 49
\BOOKMARK [2][-]{subsection.5.1}{\376\377\230\230\166\356}{section.5}% 50
\BOOKMARK [3][-]{subsubsection.5.1.1}{\376\377\230\230\166\356\200\314\146\157}{subsection.5.1}% 51
\BOOKMARK [3][-]{subsubsection.5.1.2}{\376\377\230\230\166\356\143\317\217\360}{subsection.5.1}% 52
\BOOKMARK [3][-]{subsubsection.5.1.3}{\376\377\133\120\116\373\122\241}{subsection.5.1}% 53
\BOOKMARK [2][-]{subsection.5.2}{\376\377\211\343\154\325\000\040\000A\377\010\0001\0000\0000\000\040\122\006\377\011}{section.5}% 54
\BOOKMARK [3][-]{subsubsection.5.2.1}{\376\377\123\237\164\006\226\020\221\312}{subsection.5.2}% 55
\BOOKMARK [3][-]{subsubsection.5.2.2}{\376\377\000C\000+\000+\000\040\116\343\170\001\133\236\163\260}{subsection.5.2}% 56
\BOOKMARK [3][-]{subsubsection.5.2.3}{\376\377\143\320\116\244\176\323\147\234}{subsection.5.2}% 57
